信息 :2016-08-18 21:08:40,103 DEBUG BaseJdbcLogger (BaseJdbcLogger.java:145) - ==>  Preparing: select * from voteUser where vuUsername=? and vuPassword=? 
信息 :2016-08-18 21:08:40,311 DEBUG BaseJdbcLogger (BaseJdbcLogger.java:145) - ==> Parameters: tt(String), 6f9b0a55df8ac28564cb9f63a10be8af6ab3f7c2(String)
信息 :2016-08-18 21:08:40,529 DEBUG BaseJdbcLogger (BaseJdbcLogger.java:145) - <==      Total: 1
信息 :2016-08-21 22:43:23,555 DEBUG BaseJdbcLogger (BaseJdbcLogger.java:145) - ==>  Preparing: select s.*,(select count(distinct(vuId)) from VoteItem where vsid=s.vsid) userCount, (select count(1) from VoteOption where vsid=s.vsid) optionCount from votesubject s; 
信息 :2016-08-21 22:43:23,974 DEBUG BaseJdbcLogger (BaseJdbcLogger.java:145) - ==> Parameters: 
信息 :2016-08-21 22:43:59,411 DEBUG BaseJdbcLogger (BaseJdbcLogger.java:145) - ==>  Preparing: select s.*,(select count(distinct(vuId)) from VoteItem where vsid=s.vsid) userCount, (select count(1) from VoteOption where vsid=s.vsid) optionCount from votesubject s 
信息 :2016-08-21 22:43:59,818 DEBUG BaseJdbcLogger (BaseJdbcLogger.java:145) - ==> Parameters: 
信息 :2016-08-21 22:44:00,032 DEBUG BaseJdbcLogger (BaseJdbcLogger.java:145) - <==      Total: 6
信息 :2016-08-23 15:13:30,510 DEBUG BaseJdbcLogger (BaseJdbcLogger.java:145) - ==>  Preparing: select s.*,(select count(distinct(vuId)) from VoteItem where vsid=s.vsid) userCount, (select count(1) from VoteOption where vsid=s.vsid) optionCount from votesubject s 
信息 :2016-08-23 15:13:30,868 DEBUG BaseJdbcLogger (BaseJdbcLogger.java:145) - ==> Parameters: 
信息 :2016-08-23 15:13:31,040 DEBUG BaseJdbcLogger (BaseJdbcLogger.java:145) - <==      Total: 6
信息 :2016-08-23 15:25:30,457 DEBUG BaseJdbcLogger (BaseJdbcLogger.java:145) - ==>  Preparing: select s.*,(select count(distinct(vuId)) from VoteItem where vsid=s.vsid) userCount, (select count(1) from VoteOption where vsid=s.vsid) optionCount from votesubject s where vsId=? 
信息 :2016-08-23 15:25:30,780 DEBUG BaseJdbcLogger (BaseJdbcLogger.java:145) - ==> Parameters: 103(Integer)
信息 :2016-08-23 15:25:30,919 DEBUG BaseJdbcLogger (BaseJdbcLogger.java:145) - <==      Total: 1
信息 :2016-08-23 15:31:39,637 DEBUG BaseJdbcLogger (BaseJdbcLogger.java:145) - ==>  Preparing: select s.*,(select count(distinct(vuId)) from VoteItem where vsid=s.vsid) userCount, (select count(1) from VoteOption where vsid=s.vsid) optionCount from votesubject s 
信息 :2016-08-23 15:31:39,857 DEBUG BaseJdbcLogger (BaseJdbcLogger.java:145) - ==> Parameters: 
信息 :2016-08-23 15:33:40,421 DEBUG BaseJdbcLogger (BaseJdbcLogger.java:145) - ==>  Preparing: select s.*,(select count(distinct(vuId)) from VoteItem where vsid=s.vsid) userCount, (select count(1) from VoteOption where vsid=s.vsid) optionCount from votesubject s 
信息 :2016-08-23 15:33:40,747 DEBUG BaseJdbcLogger (BaseJdbcLogger.java:145) - ==> Parameters: 
信息 :2016-08-23 15:33:41,008 DEBUG BaseJdbcLogger (BaseJdbcLogger.java:145) - <==      Total: 6
信息 :2016-08-23 16:00:36,671 DEBUG BaseJdbcLogger (BaseJdbcLogger.java:145) - ==>  Preparing: select o.*,(select count(distinct(vuId)) from VoteItem where void=o.void) optionCount from voteoption o where vsId=?; 
信息 :2016-08-23 16:00:36,977 DEBUG BaseJdbcLogger (BaseJdbcLogger.java:145) - ==> Parameters: 103(Integer)
信息 :2016-08-23 16:01:37,056 DEBUG BaseJdbcLogger (BaseJdbcLogger.java:145) - ==>  Preparing: select o.*,(select count(distinct(vuId)) from VoteItem where void=o.void) optionCount from voteoption o where vsId=? 
信息 :2016-08-23 16:01:37,376 DEBUG BaseJdbcLogger (BaseJdbcLogger.java:145) - ==> Parameters: 103(Integer)
信息 :2016-08-23 16:01:37,507 DEBUG BaseJdbcLogger (BaseJdbcLogger.java:145) - <==      Total: 5
